<?xml version="1.0" encoding="UTF-8"?>
<!-- Generated by org.testng.reporters.JUnitReportReporter -->
<testsuite hostname="TYSS-Senani" failures="0" tests="1" name="QA_DEMO_Practise.Button_clcik" time="41.007" errors="0" timestamp="2024-07-15T18:47:58 IST" skipped="0">
  <testcase classname="QA_DEMO_Practise.Button_clcik" name="Button" time="41.007"/>
  <system-out/>
</testsuite> <!-- QA_DEMO_Practise.Button_clcik -->
