<?xml version="1.0" encoding="UTF-8"?>
<!-- Generated by org.testng.reporters.JUnitReportReporter -->
<testsuite hostname="TYSS-Senani" failures="0" tests="1" name="Button_Testcases.lis" time="14.694" errors="0" timestamp="2024-05-27T15:15:26 IST" skipped="0">
  <testcase classname="Button_Testcases.lis" name="t1" time="14.694"/>
  <system-out/>
</testsuite> <!-- Button_Testcases.lis -->
