<?xml version="1.0" encoding="UTF-8"?>
<!-- Generated by org.testng.reporters.JUnitReportReporter -->
<testsuite hostname="TYSS-Senani" failures="0" tests="1" name="TestCases_assigned.Text_Box" time="10.441" errors="0" timestamp="2024-05-08T13:54:24 IST" skipped="0">
  <testcase classname="TestCases_assigned.Text_Box" name="TC01" time="10.441"/>
  <system-out/>
</testsuite> <!-- TestCases_assigned.Text_Box -->
