<?xml version="1.0" encoding="UTF-8"?>
<!-- Generated by org.testng.reporters.JUnitReportReporter -->
<testsuite hostname="TYSS-Senani" failures="0" tests="1" name="Testcases.Drag_drop" time="7.919" errors="0" timestamp="2024-04-09T15:07:14 IST" skipped="0">
  <testcase classname="Testcases.Drag_drop" name="dragndrop" time="7.919"/>
  <system-out/>
</testsuite> <!-- Testcases.Drag_drop -->
