<?xml version="1.0" encoding="UTF-8"?>
<!-- Generated by org.testng.reporters.JUnitReportReporter -->
<testsuite hostname="TYSS-Senani" failures="0" tests="1" name="Sel_concepts_prac.tutorialsNinja" time="4.821" errors="0" timestamp="2024-07-10T21:02:03 IST" skipped="0">
  <testcase classname="Sel_concepts_prac.tutorialsNinja" name="apple" time="4.821"/>
  <system-out/>
</testsuite> <!-- Sel_concepts_prac.tutorialsNinja -->
