<?xml version="1.0" encoding="UTF-8"?>
<!-- Generated by org.testng.reporters.JUnitReportReporter -->
<testsuite hostname="TYSS-Senani" failures="0" tests="1" name="QA_DEMO_Practise.Upload_and_download" time="32.936" errors="0" timestamp="2024-07-20T23:20:03 IST" skipped="0">
  <testcase classname="QA_DEMO_Practise.Upload_and_download" name="up_dw" time="32.936"/>
  <system-out/>
</testsuite> <!-- QA_DEMO_Practise.Upload_and_download -->
