<?xml version="1.0" encoding="UTF-8"?>
<!-- Generated by org.testng.reporters.JUnitReportReporter -->
<testsuite hostname="TYSS-Senani" failures="0" tests="1" name="QA_DEMO_Practise.Dynamic_properties" time="26.300" errors="0" timestamp="2024-07-18T22:30:22 IST" skipped="0">
  <testcase classname="QA_DEMO_Practise.Dynamic_properties" name="Button" time="26.300"/>
  <system-out/>
</testsuite> <!-- QA_DEMO_Practise.Dynamic_properties -->
