<?xml version="1.0" encoding="UTF-8"?>
<!-- Generated by org.testng.reporters.JUnitReportReporter -->
<testsuite hostname="TYSS-Senani" failures="0" tests="1" name="QA_DEMO_Practise.Switch_window" time="14.930" errors="0" timestamp="2024-07-20T23:20:03 IST" skipped="0">
  <testcase classname="QA_DEMO_Practise.Switch_window" name="Form_End_to_End" time="14.930"/>
  <system-out/>
</testsuite> <!-- QA_DEMO_Practise.Switch_window -->
