<?xml version="1.0" encoding="UTF-8"?>
<!-- Generated by org.testng.reporters.JUnitReportReporter -->
<testsuite hostname="TYSS-Senani" failures="0" tests="2" name="QA_DEMO_Practise.Alerts_Frame_windows" time="21.716" errors="0" timestamp="2024-07-22T11:39:56 IST" skipped="0">
  <testcase classname="QA_DEMO_Practise.Alerts_Frame_windows" name="Switch_window" time="1.698"/>
  <system-out/>
  <testcase classname="QA_DEMO_Practise.Alerts_Frame_windows" name="Swith_tab" time="20.018"/>
  <system-out/>
</testsuite> <!-- QA_DEMO_Practise.Alerts_Frame_windows -->
