<?xml version="1.0" encoding="UTF-8"?>
<!-- Generated by org.testng.reporters.JUnitReportReporter -->
<testsuite hostname="TYSS-Senani" failures="0" tests="1" name="QA_DEMO_Practise.Link_Automation" time="12.695" errors="0" timestamp="2024-07-13T20:06:02 IST" skipped="0">
  <testcase classname="QA_DEMO_Practise.Link_Automation" name="Form_End_to_End" time="12.695"/>
  <system-out/>
</testsuite> <!-- QA_DEMO_Practise.Link_Automation -->
