<?xml version="1.0" encoding="UTF-8"?>
<!-- Generated by org.testng.reporters.JUnitReportReporter -->
<testsuite hostname="TYSS-Senani" failures="0" tests="1" name="QA_DEMO_Practise.Form_Automation" time="36.732" errors="0" timestamp="2024-07-12T11:47:51 IST" skipped="0">
  <testcase classname="QA_DEMO_Practise.Form_Automation" name="Form_End_to_End" time="36.732"/>
  <system-out/>
</testsuite> <!-- QA_DEMO_Practise.Form_Automation -->
